<?xml version="1.0" encoding="UTF-8"?>
<testsuite name="TestSuite" time="2.433" tests="1" errors="0" skipped="0" failures="1">
  <properties>
[...]
</properties>
  <testcase name="runScenario" classname="runner.TestPageRunner" time="2.433">
    <failure message="Cannot invoke &quot;org.openqa.selenium.WebDriver.get(String)&quot; because &quot;WebConnector.webconnector.driver&quot; is null" type="java.lang.NullPointerException">java.lang.NullPointerException: Cannot invoke "org.openqa.selenium.WebDriver.get(String)" because "WebConnector.webconnector.driver" is null
	at ApplicatoinPages.Testpage.goToURL(Testpage.java:15)
	at stepdefs.TestPageSteps.aUserNavigatesToURL(TestPageSteps.java:38)
	at ✽.User navigates to URL(file:src/test/resources/features/Test/NavigateToURL.feature:5)
</failure>
    <system-out>Before - 1612981361033
Value of the Excel Cell is - www.google.com
</system-out>
  </testcase>
</testsuite>