<?xml version="1.0" encoding="UTF-8"?>
<testng-results ignored="0" total="1" passed="0" failed="1" skipped="0">
  <reporter-output>
  </reporter-output>
  <suite started-at="2021-02-10T18:22:40Z" name="BDD Test Suite" finished-at="2021-02-10T18:22:43Z" duration-ms="2563">
    <groups>
      <group name="cucumber">
        <method signature="AbstractTestNGCucumberTests.runScenario(io.cucumber.testng.PickleEventWrapper, io.cucumber.testng.CucumberFeatureWrapper)[pri:0, instance:runner.TestPageRunner@49c386c8]" name="runScenario" class="io.cucumber.testng.AbstractTestNGCucumberTests"/>
      </group> <!-- cucumber -->
    </groups>
    <test started-at="2021-02-10T18:22:40Z" name="Testing" finished-at="2021-02-10T18:22:43Z" duration-ms="2563">
      <class name="runner.TestPageRunner">
        <test-method is-config="true" signature="setUpClass()[pri:0, instance:runner.TestPageRunner@49c386c8]" started-at="2021-02-10T18:22:40Z" name="setUpClass" finished-at="2021-02-10T18:22:41Z" duration-ms="68" status="PASS">
          <reporter-output>
          </reporter-output>
        </test-method> <!-- setUpClass -->
        <test-method is-config="true" signature="before()[pri:0, instance:runner.TestPageRunner@49c386c8]" started-at="2021-02-10T18:22:41Z" name="before" finished-at="2021-02-10T18:22:41Z" duration-ms="1" status="PASS">
          <reporter-output>
          </reporter-output>
        </test-method> <!-- before -->
        <test-method signature="runScenario(io.cucumber.testng.PickleEventWrapper, io.cucumber.testng.CucumberFeatureWrapper)[pri:0, instance:runner.TestPageRunner@49c386c8]" started-at="2021-02-10T18:22:41Z" name="runScenario" description="Runs Cucumber Scenarios" data-provider="scenarios" finished-at="2021-02-10T18:22:43Z" duration-ms="2429" status="FAIL">
          <params>
            <param index="0">
              <value>
                <![CDATA["Navigate to URL"]]>
              </value>
            </param>
            <param index="1">
              <value>
                <![CDATA["Navigating to URL"]]>
              </value>
            </param>
          </params>
          <exception class="java.lang.NullPointerException">
            <message>
              <![CDATA[Cannot invoke "org.openqa.selenium.WebDriver.get(String)" because "WebConnector.webconnector.driver" is null]]>
            </message>
            <full-stacktrace>
              <![CDATA[java.lang.NullPointerException: Cannot invoke "org.openqa.selenium.WebDriver.get(String)" because "WebConnector.webconnector.driver" is null
at ApplicatoinPages.Testpage.goToURL(Testpage.java:15)
at stepdefs.TestPageSteps.aUserNavigatesToURL(TestPageSteps.java:38)
at ✽.User navigates to URL(file:src/test/resources/features/Test/NavigateToURL.feature:5)
]]>
            </full-stacktrace>
          </exception> <!-- java.lang.NullPointerException -->
          <reporter-output>
          </reporter-output>
        </test-method> <!-- runScenario -->
        <test-method is-config="true" signature="after()[pri:0, instance:runner.TestPageRunner@49c386c8]" started-at="2021-02-10T18:22:43Z" name="after" finished-at="2021-02-10T18:22:43Z" duration-ms="0" status="PASS">
          <reporter-output>
          </reporter-output>
        </test-method> <!-- after -->
        <test-method is-config="true" signature="tearDownClass()[pri:0, instance:runner.TestPageRunner@49c386c8]" started-at="2021-02-10T18:22:43Z" name="tearDownClass" finished-at="2021-02-10T18:22:43Z" duration-ms="14" status="PASS">
          <reporter-output>
          </reporter-output>
        </test-method> <!-- tearDownClass -->
      </class> <!-- runner.TestPageRunner -->
    </test> <!-- Testing -->
  </suite> <!-- BDD Test Suite -->
</testng-results>
