<?xml version="1.0" encoding="UTF-8"?>
<!-- Generated by org.testng.reporters.JUnitReportReporter -->
<testsuite hostname="DESKTOP-OSDHPT9" failures="0" tests="1" name="runner.TestPageRunner" time="2.429" errors="1" timestamp="10 Feb 2021 18:22:43 GMT" skipped="0">
  <testcase classname="runner.TestPageRunner" name="runScenario" time="2.429">
    <error message="Cannot invoke &quot;org.openqa.selenium.WebDriver.get(String)&quot; because &quot;WebConnector.webconnector.driver&quot; is null" type="java.lang.NullPointerException">
      <![CDATA[java.lang.NullPointerException: Cannot invoke "org.openqa.selenium.WebDriver.get(String)" because "WebConnector.webconnector.driver" is null
at ApplicatoinPages.Testpage.goToURL(Testpage.java:15)
at stepdefs.TestPageSteps.aUserNavigatesToURL(TestPageSteps.java:38)
at ✽.User navigates to URL(file:src/test/resources/features/Test/NavigateToURL.feature:5)
]]>
    </error>
  </testcase> <!-- runScenario -->
</testsuite> <!-- runner.TestPageRunner -->
