<?xml version="1.0" encoding="UTF-8"?>
<!-- Generated by org.testng.reporters.JUnitXMLReporter -->
<testsuite ignored="0" hostname="DESKTOP-OSDHPT9" failures="1" tests="1" name="Testing" time="2.563" errors="0" timestamp="10 Feb 2021 18:22:43 GMT">
  <testcase classname="io.cucumber.testng.AbstractTestNGCucumberTests" name="runScenario" time="2.429">
    <failure type="java.lang.NullPointerException" message="Cannot invoke &amp;quot;org.openqa.selenium.WebDriver.get(String)&amp;quot; because &amp;quot;WebConnector.webconnector.driver&amp;quot; is null">
      <![CDATA[java.lang.NullPointerException: Cannot invoke "org.openqa.selenium.WebDriver.get(String)" because "WebConnector.webconnector.driver" is null
at ApplicatoinPages.Testpage.goToURL(Testpage.java:15)
at stepdefs.TestPageSteps.aUserNavigatesToURL(TestPageSteps.java:38)
at ✽.User navigates to URL(file:src/test/resources/features/Test/NavigateToURL.feature:5)
]]>
    </failure>
  </testcase> <!-- runScenario -->
</testsuite> <!-- Testing -->
